<?xml version="1.0" encoding="UTF-8"?>
<testsuite xmlns:xsi="http://www.w3.org/2001/XMLSchema-instance" xsi:noNamespaceSchemaLocation="https://maven.apache.org/surefire/maven-surefire-plugin/xsd/surefire-test-report.xsd" name="com.mycompany.app.AppTest" time="0.032" tests="1" errors="0" skipped="0" failures="0">
  <properties>
    <property name="sun.desktop" value="windows"/>
    <property name="awt.toolkit" value="sun.awt.windows.WToolkit"/>
    <property name="file.encoding.pkg" value="sun.io"/>
    <property name="java.specification.version" value="1.8"/>
    <property name="sun.cpu.isalist" value="amd64"/>
    <property name="sun.jnu.encoding" value="Cp1252"/>
    <property name="java.class.path" value="C:\Users\Ankit gond\Desktop\jenkRelTOO\mvn_workspace\my-app\target\test-classes;C:\Users\Ankit gond\Desktop\jenkRelTOO\mvn_workspace\my-app\target\classes;C:\Users\Ankit gond\.m2\repository\junit\junit\4.11\junit-4.11.jar;C:\Users\Ankit gond\.m2\repository\org\hamcrest\hamcrest-core\1.3\hamcrest-core-1.3.jar;"/>
    <property name="java.vm.vendor" value="Oracle Corporation"/>
    <property name="sun.arch.data.model" value="64"/>
    <property name="user.variant" value=""/>
    <property name="java.vendor.url" value="http://java.oracle.com/"/>
    <property name="user.timezone" value="Asia/Calcutta"/>
    <property name="java.vm.specification.version" value="1.8"/>
    <property name="os.name" value="Windows 10"/>
    <property name="user.country" value="IN"/>
    <property name="sun.java.launcher" value="SUN_STANDARD"/>
    <property name="sun.boot.library.path" value="C:\Program Files\Java\jre1.8.0_171\bin"/>
    <property name="sun.java.command" value="C:\Users\ANKITG~1\AppData\Local\Temp\surefire6189131523382985072\surefirebooter7559939651483811218.jar C:\Users\Ankit gond\AppData\Local\Temp\surefire6189131523382985072 2020-07-24T21-21-49_969-jvmRun1 surefire7737414593296022668tmp surefire_04395822204240893002tmp"/>
    <property name="surefire.test.class.path" value="C:\Users\Ankit gond\Desktop\jenkRelTOO\mvn_workspace\my-app\target\test-classes;C:\Users\Ankit gond\Desktop\jenkRelTOO\mvn_workspace\my-app\target\classes;C:\Users\Ankit gond\.m2\repository\junit\junit\4.11\junit-4.11.jar;C:\Users\Ankit gond\.m2\repository\org\hamcrest\hamcrest-core\1.3\hamcrest-core-1.3.jar;"/>
    <property name="sun.cpu.endian" value="little"/>
    <property name="user.home" value="C:\Users\Ankit gond"/>
    <property name="user.language" value="en"/>
    <property name="java.specification.vendor" value="Oracle Corporation"/>
    <property name="java.home" value="C:\Program Files\Java\jre1.8.0_171"/>
    <property name="basedir" value="C:\Users\Ankit gond\Desktop\jenkRelTOO\mvn_workspace\my-app"/>
    <property name="file.separator" value="\"/>
    <property name="line.separator" value="&#10;"/>
    <property name="java.vm.specification.vendor" value="Oracle Corporation"/>
    <property name="java.specification.name" value="Java Platform API Specification"/>
    <property name="java.awt.graphicsenv" value="sun.awt.Win32GraphicsEnvironment"/>
    <property name="surefire.real.class.path" value="C:\Users\ANKITG~1\AppData\Local\Temp\surefire6189131523382985072\surefirebooter7559939651483811218.jar"/>
    <property name="sun.boot.class.path" value="C:\Program Files\Java\jre1.8.0_171\lib\resources.jar;C:\Program Files\Java\jre1.8.0_171\lib\rt.jar;C:\Program Files\Java\jre1.8.0_171\lib\sunrsasign.jar;C:\Program Files\Java\jre1.8.0_171\lib\jsse.jar;C:\Program Files\Java\jre1.8.0_171\lib\jce.jar;C:\Program Files\Java\jre1.8.0_171\lib\charsets.jar;C:\Program Files\Java\jre1.8.0_171\lib\jfr.jar;C:\Program Files\Java\jre1.8.0_171\classes"/>
    <property name="user.script" value=""/>
    <property name="sun.management.compiler" value="HotSpot 64-Bit Tiered Compilers"/>
    <property name="java.runtime.version" value="1.8.0_171-b11"/>
    <property name="user.name" value="Ankit gond"/>
    <property name="path.separator" value=";"/>
    <property name="os.version" value="10.0"/>
    <property name="java.endorsed.dirs" value="C:\Program Files\Java\jre1.8.0_171\lib\endorsed"/>
    <property name="java.runtime.name" value="Java(TM) SE Runtime Environment"/>
    <property name="file.encoding" value="Cp1252"/>
    <property name="java.vm.name" value="Java HotSpot(TM) 64-Bit Server VM"/>
    <property name="localRepository" value="C:\Users\Ankit gond\.m2\repository"/>
    <property name="java.vendor.url.bug" value="http://bugreport.sun.com/bugreport/"/>
    <property name="java.io.tmpdir" value="C:\Users\ANKITG~1\AppData\Local\Temp\"/>
    <property name="java.version" value="1.8.0_171"/>
    <property name="user.dir" value="C:\Users\Ankit gond\Desktop\jenkRelTOO\mvn_workspace\my-app"/>
    <property name="os.arch" value="amd64"/>
    <property name="java.vm.specification.name" value="Java Virtual Machine Specification"/>
    <property name="java.awt.printerjob" value="sun.awt.windows.WPrinterJob"/>
    <property name="sun.os.patch.level" value=""/>
    <property name="java.library.path" value="C:\Program Files\Java\jre1.8.0_171\bin;C:\windows\Sun\Java\bin;C:\windows\system32;C:\windows;C:\ActiveTcl\bin;C:\Program Files (x86)\Common Files\Oracle\Java\javapath;C:\Users\Ankit gond\AppData\Local\Microsoft\WindowsApps;&quot;C:\windows\system32;C:\windows;C:\windows\System32\Wbem&quot;;C:\windows;C:\windows\System32\WindowsPowerShell\v.1.0\;search-ms:displayname=Search%20Results%20in%20Windows%20(C%3A)&amp;crumb=location:C%3A%5C\Python37-32;&quot;C:Windows;C:Windows\system32&quot;;C:\Program Files\Java\jdk1.8.0_171\bin;C:\Program Files\Java\jre1.8.0_171\bin;C:\Program Files\dotnet\;C:\Program Files\Microsoft SQL Server\130\Tools\Binn\;&quot;C:\WINDOWS\system32;&quot;;&quot;C:\windows\system32;&quot;;C:\windows\system32;C:\Program Files (x86)\Microsoft Visual Studio;C:\Program Files\nodejs\;&quot;C:\Program Files;C:\Winnt;C:\Winnt\System32&quot;;&quot;C:\Program Files\R\R-3.6.0\bin\x64;RHOME\bin&quot;;C:\Program Files\R\R-3.6.0\bin\i386;C:\Users\Ankit gond\Anaconda3;C:\Go\bin;C:\Go\bin;&quot;C:\Users\Ankit gond\Anaconda3;C:\Users\Ankit gond\Anaconda3\Scripts;C:\Users\Ankit gond\Anaconda3\Library\bin;&quot;;C:\Program Files\Git\cmd;C:\Program Files\apache-maven-3.6.3\bin;C:\Program Files\Java\jdk1.8.0_171\bin;C:\Program Files\Java\jre1.8.0_171\bin;C:\Program Files\Java\jdk1.8.0_171\bin\javaw.exe;C:\Users\Ankit gond\Anaconda3\Scripts\;C:\Users\Ankit gond\Anaconda3\;C:\Users\Ankit gond\AppData\Local\Programs\Python\Python37\Scripts\;C:\Users\Ankit gond\AppData\Local\Programs\Python\Python37\;C:\Users\Ankit gond\AppData\Local\Microsoft\WindowsApps;&quot;C:\windows\system32;&quot;;C:\Program Files (x86)\Microsoft VS Code\bin;C:\Users\Ankit gond\AppData\Local\Programs\Microsoft VS Code\bin;C:\Program Files (x86)\mingw-w64\i686-8.1.0-posix-dwarf-rt_v6-rev0\mingw32\bin;C:\Users\Ankit gond\AppData\Roaming\npm;C:\Users\Ankit gond\go\bin;C:\Program Files\Docker Toolbox;."/>
    <property name="java.vm.info" value="mixed mode"/>
    <property name="java.vendor" value="Oracle Corporation"/>
    <property name="java.vm.version" value="25.171-b11"/>
    <property name="java.ext.dirs" value="C:\Program Files\Java\jre1.8.0_171\lib\ext;C:\windows\Sun\Java\lib\ext"/>
    <property name="sun.io.unicode.encoding" value="UnicodeLittle"/>
    <property name="java.class.version" value="52.0"/>
  </properties>
  <testcase name="shouldAnswerWithTrue" classname="com.mycompany.app.AppTest" time="0"/>
</testsuite>